<?xml version="1.0" encoding="UTF-8"?>
<testsuite xmlns:xsi="http://www.w3.org/2001/XMLSchema-instance" xsi:noNamespaceSchemaLocation="https://maven.apache.org/surefire/maven-surefire-plugin/xsd/surefire-test-report.xsd" name="com.weatherapp.service.WeatherServiceEdgeCasesTest" time="0.124" tests="18" errors="0" skipped="0" failures="0">
  <properties>
[...]
</properties>
  <testcase name="testCityWithChineseCharacters" classname="com.weatherapp.service.WeatherServiceEdgeCasesTest" time="0.083"/>
  <testcase name="testLongWeatherDescription" classname="com.weatherapp.service.WeatherServiceEdgeCasesTest" time="0.002"/>
  <testcase name="testHumidityMaximum" classname="com.weatherapp.service.WeatherServiceEdgeCasesTest" time="0.001"/>
  <testcase name="testExtremeTemperatureHigh" classname="com.weatherapp.service.WeatherServiceEdgeCasesTest" time="0.001"/>
  <testcase name="testHumidityMinimum" classname="com.weatherapp.service.WeatherServiceEdgeCasesTest" time="0.001"/>
  <testcase name="testTemperatureNearZero" classname="com.weatherapp.service.WeatherServiceEdgeCasesTest" time="0.002"/>
  <testcase name="testExtremeTemperatureLow" classname="com.weatherapp.service.WeatherServiceEdgeCasesTest" time="0.002"/>
  <testcase name="testTemperatureDifferenceHighWindChill" classname="com.weatherapp.service.WeatherServiceEdgeCasesTest" time="0.001"/>
  <testcase name="testCityWithHypenAndSpaces" classname="com.weatherapp.service.WeatherServiceEdgeCasesTest" time="0.004"/>
  <testcase name="testCityWithMultipleSpaces" classname="com.weatherapp.service.WeatherServiceEdgeCasesTest" time="0.001"/>
  <testcase name="testTemperatureDifferencesBetweenCities" classname="com.weatherapp.service.WeatherServiceEdgeCasesTest" time="0.001"/>
  <testcase name="testDistinguishSimilarCityNames" classname="com.weatherapp.service.WeatherServiceEdgeCasesTest" time="0.001"/>
  <testcase name="testResponseContainsAllRequiredFields" classname="com.weatherapp.service.WeatherServiceEdgeCasesTest" time="0.001"/>
  <testcase name="testCityWithArabicCharacters" classname="com.weatherapp.service.WeatherServiceEdgeCasesTest" time="0.002"/>
  <testcase name="testTemperatureWithDecimals" classname="com.weatherapp.service.WeatherServiceEdgeCasesTest" time="0.003"/>
  <testcase name="testCityWithAccents" classname="com.weatherapp.service.WeatherServiceEdgeCasesTest" time="0.002"/>
  <testcase name="testCityWithCyrillicCharacters" classname="com.weatherapp.service.WeatherServiceEdgeCasesTest" time="0.002"/>
  <testcase name="testTemperatureDifferenceSame" classname="com.weatherapp.service.WeatherServiceEdgeCasesTest" time="0.002"/>
</testsuite>